<?xml version="1.0" encoding="UTF-8"?>
<!-- Generated by org.testng.reporters.JUnitReportReporter -->
<testsuite hostname="DESKTOP-K7BP9Q8" failures="0" tests="1" name="qaclickacademy.Mavenjava.AppTest" time="0.001" errors="0" timestamp="2020-08-31T11:20:36 CDT" skipped="0">
  <testcase classname="qaclickacademy.Mavenjava.AppTest" name="testApp" time="0.001"/>
  <system-out/>
</testsuite> <!-- qaclickacademy.Mavenjava.AppTest -->
