<?xml version="1.0" encoding="UTF-8"?>
<!-- Generated by org.testng.reporters.JUnitReportReporter -->
<testsuite hostname="DESKTOP-K7BP9Q8" failures="0" tests="2" name="qaclickacademy.Mavenjava.restApiTest" time="0.010" errors="0" timestamp="2020-08-31T12:31:45 CDT" skipped="0">
  <testcase classname="qaclickacademy.Mavenjava.restApiTest" name="preJira" time="0.001"/>
  <system-out/>
  <testcase classname="qaclickacademy.Mavenjava.restApiTest" name="postJira" time="0.009"/>
  <system-out/>
</testsuite> <!-- qaclickacademy.Mavenjava.restApiTest -->
