<?xml version="1.0" encoding="UTF-8"?>
<!-- Generated by org.testng.reporters.JUnitReportReporter -->
<testsuite hostname="DESKTOP-K7BP9Q8" failures="0" tests="2" name="qaclickacademy.Mavenjava.seleniumTest" time="0.000" errors="0" timestamp="2020-08-31T12:31:45 CDT" skipped="0">
  <testcase classname="qaclickacademy.Mavenjava.seleniumTest" name="browserAutomation" time="0.000"/>
  <system-out/>
  <testcase classname="qaclickacademy.Mavenjava.seleniumTest" name="element" time="0.000"/>
  <system-out/>
</testsuite> <!-- qaclickacademy.Mavenjava.seleniumTest -->
