<?xml version="1.0" encoding="UTF-8"?>
<!-- Generated by org.testng.reporters.JUnitReportReporter -->
<testsuite hostname="DESKTOP-K7BP9Q8" failures="0" tests="2" name="qaclickacademy.Mavenjava.appiumTest" time="0.003" errors="0" timestamp="2020-08-31T12:31:28 CDT" skipped="0">
  <testcase classname="qaclickacademy.Mavenjava.appiumTest" name="anroid" time="0.002"/>
  <system-out/>
  <testcase classname="qaclickacademy.Mavenjava.appiumTest" name="ios" time="0.001"/>
  <system-out/>
</testsuite> <!-- qaclickacademy.Mavenjava.appiumTest -->
